Using Isaac Sim at: /home/sandro/isaacsim
Running headless render...


======================================================================
Isaac Sim Headless Rendering Runner
======================================================================
[HEADLESS] Initializing Isaac Sim in headless mode...
[Info] [carb] Logging to file: /home/sandro/isaacsim/kit/logs/Kit/Isaac-Sim Python/5.0/kit_20260124_213235.log
2026-01-24T20:32:35Z [0ms] [Warning] [carb.crashreporter-breakpad.plugin] [previous crash] preventing upload of minidump due to user opt-out: '/home/sandro/isaacsim/kit/data/Kit/Isaac-Sim Python/5.0/78793446-2791-4adb-0a2292ba-ece411b0.dmp'
[0.026s] [ext: omni.kit.async_engine-0.0.3] startup
[0.238s] [ext: omni.metrics.core-0.0.3] startup
[0.238s] [ext: omni.client.lib-1.1.0] startup
[0.247s] [ext: omni.blobkey-1.1.2] startup
[0.247s] [ext: omni.stats-1.0.1] startup
[0.247s] [ext: omni.datastore-0.0.0] startup
[0.250s] [ext: omni.client-1.3.0] startup
[0.305s] [ext: omni.ujitso.default-1.0.0] startup
[0.306s] [ext: omni.hsscclient-1.1.2] startup
[0.314s] [ext: omni.gpu_foundation.shadercache.vulkan-1.0.0] startup
[0.316s] [ext: omni.assets.plugins-0.0.0] startup
[0.316s] [ext: omni.gpu_foundation-0.0.0] startup
[0.320s] [ext: carb.windowing.plugins-1.0.0] startup
2026-01-24T20:32:35Z [311ms] [Warning] [carb.windowing-glfw.plugin] GLFW initialization failed.
2026-01-24T20:32:35Z [311ms] [Warning] [carb] Failed to startup plugin carb.windowing-glfw.plugin (interfaces: [carb::windowing::IGLContext v1.0],[carb::windowing::IWindowing v1.5]) (impl: carb.windowing-glfw.plugin)
[0.321s] [ext: omni.kit.renderer.init-0.0.0] startup
2026-01-24T20:32:35Z [321ms] [Warning] [omni.platforminfo.plugin] failed to open the default display.  Can't verify X Server version.

|---------------------------------------------------------------------------------------------|
| Driver Version: 580.105.08    | Graphics API: Vulkan
|=============================================================================================|
| GPU | Name                             | Active | LDA | GPU Memory | Vendor-ID | LUID       |
|     |                                  |        |     |            | Device-ID | UUID       |
|     |                                  |        |     |            | Bus-ID    |            |
|---------------------------------------------------------------------------------------------|
| 0   | NVIDIA GeForce RTX 5090          | Yes: 0 |     | 32607   MB | 10de      | 0          |
|     |                                  |        |     |            | 2b85      | 7b0b2c95.. |
|     |                                  |        |     |            | 2         |            |
|=============================================================================================|
| OS: 24.04.2 LTS (Noble Numbat) ubuntu, Version: 24.04.2, Kernel: 6.14.0-37-generic
| Processor: Intel(R) Core(TM) Ultra 9 285K
| Cores: 24 | Logical Cores: 24
|---------------------------------------------------------------------------------------------|
| Total Memory (MB): 63669 | Free Memory: 57662
| Total Page/Swap (MB): 8191 | Free Page/Swap: 8191
|---------------------------------------------------------------------------------------------|
2026-01-24T20:32:36Z [925ms] [Warning] [gpu.foundation.plugin] CPU performance profile is set to powersave. This profile sets the CPU to the lowest frequency reducing performance.
2026-01-24T20:32:36Z [931ms] [Warning] [gpu.foundation.plugin] IOMMU is enabled.
[1.040s] [ext: omni.kit.pipapi-0.0.0] startup
[1.041s] [ext: omni.kit.pip_archive-0.0.0] startup
[1.041s] [ext: omni.materialx.libs-1.0.7] startup
[1.045s] [ext: omni.pip.compute-1.6.2] startup
[1.045s] [ext: omni.usd.config-1.0.6] startup
[1.047s] [ext: omni.gpucompute.plugins-0.0.0] startup
[1.047s] [ext: omni.usd.libs-1.0.1] startup
[1.086s] [ext: omni.mdl-56.0.3] startup
[1.125s] [ext: omni.iray.libs-0.0.0] startup
[1.128s] [ext: omni.mdl.neuraylib-0.2.12] startup
[1.129s] [ext: omni.kit.usd.mdl-1.1.4] startup
[1.182s] [ext: omni.pip.cloud-1.3.6] startup
[1.184s] [ext: omni.isaac.core_archive-2.6.1] startup
[1.184s] [ext: omni.kit.telemetry-0.5.2] startup
[1.201s] [ext: omni.kit.loop-isaac-1.3.7] startup
[1.201s] [ext: omni.kit.test-2.0.1] startup
[1.236s] [ext: omni.isaac.ml_archive-3.0.2] startup
[1.236s] [ext: omni.appwindow-1.1.10] startup
2026-01-24T20:32:36Z [1,227ms] [Warning] [carb.windowing-glfw.plugin] GLFW initialization failed.
2026-01-24T20:32:36Z [1,227ms] [Warning] [carb] Failed to startup plugin carb.windowing-glfw.plugin (interfaces: [carb::windowing::IGLContext v1.0],[carb::windowing::IWindowing v1.5]) (impl: carb.windowing-glfw.plugin)
[1.238s] [ext: omni.kit.renderer.core-1.1.0] startup
2026-01-24T20:32:36Z [1,240ms] [Warning] [carb.windowing-glfw.plugin] GLFW initialization failed.
2026-01-24T20:32:36Z [1,240ms] [Warning] [carb] Failed to startup plugin carb.windowing-glfw.plugin (interfaces: [carb::windowing::IGLContext v1.0],[carb::windowing::IWindowing v1.5]) (impl: carb.windowing-glfw.plugin)
2026-01-24T20:32:36Z [1,246ms] [Warning] [carb.windowing-glfw.plugin] GLFW initialization failed.
2026-01-24T20:32:36Z [1,246ms] [Warning] [carb] Failed to startup plugin carb.windowing-glfw.plugin (interfaces: [carb::windowing::IGLContext v1.0],[carb::windowing::IWindowing v1.5]) (impl: carb.windowing-glfw.plugin)
[1.256s] [ext: omni.kit.renderer.capture-0.0.0] startup
[1.257s] [ext: omni.kit.renderer.imgui-2.0.5] startup
2026-01-24T20:32:36Z [1,249ms] [Warning] [carb.windowing-glfw.plugin] GLFW initialization failed.
2026-01-24T20:32:36Z [1,249ms] [Warning] [carb] Failed to startup plugin carb.windowing-glfw.plugin (interfaces: [carb::windowing::IGLContext v1.0],[carb::windowing::IWindowing v1.5]) (impl: carb.windowing-glfw.plugin)
2026-01-24T20:32:36Z [1,250ms] [Warning] [carb.windowing-glfw.plugin] GLFW initialization failed.
2026-01-24T20:32:36Z [1,250ms] [Warning] [carb] Failed to startup plugin carb.windowing-glfw.plugin (interfaces: [carb::windowing::IGLContext v1.0],[carb::windowing::IWindowing v1.5]) (impl: carb.windowing-glfw.plugin)
2026-01-24T20:32:36Z [1,250ms] [Warning] [carb.windowing-glfw.plugin] GLFW initialization failed.
2026-01-24T20:32:36Z [1,250ms] [Warning] [carb] Failed to startup plugin carb.windowing-glfw.plugin (interfaces: [carb::windowing::IGLContext v1.0],[carb::windowing::IWindowing v1.5]) (impl: carb.windowing-glfw.plugin)
[1.293s] [ext: omni.ui-2.26.18] startup
[1.299s] [ext: omni.kit.mainwindow-1.0.3] startup
[1.300s] [ext: carb.audio-0.1.0] startup
[1.302s] [ext: omni.uiaudio-1.0.0] startup
[1.302s] [ext: omni.kit.uiapp-0.0.0] startup
[1.302s] [ext: omni.usd.schema.metrics.assembler-107.3.1] startup
[1.304s] [ext: omni.usd.schema.anim-0.0.0] startup
[1.314s] [ext: omni.usd.schema.omnigraph-1.0.0] startup
[1.317s] [ext: omni.usd.schema.geospatial-0.0.0] startup
[1.318s] [ext: omni.anim.graph.schema-107.3.0] startup
[1.321s] [ext: omni.usd.schema.audio-0.0.0] startup
[1.323s] [ext: omni.usd.schema.semantics-0.0.0] startup
[1.324s] [ext: omni.usd_resolver-1.0.0] startup
[1.326s] [ext: usdrt.scenegraph-7.6.1] startup
[1.346s] [ext: omni.kit.actions.core-1.0.0] startup
[1.348s] [ext: omni.timeline-1.0.14] startup
[1.349s] [ext: omni.usd.core-1.5.3] startup
[1.350s] [ext: omni.resourcemonitor-107.0.1] startup
[1.351s] [ext: omni.activity.core-1.0.3] startup
[1.352s] [ext: omni.kit.audiodeviceenum-1.0.2] startup
[1.352s] [ext: omni.hydra.usdrt_delegate-7.5.1] startup
[1.355s] [ext: omni.graph.exec-0.9.6] startup
[1.356s] [ext: omni.kit.window.popup_dialog-2.0.24] startup
[1.358s] [ext: omni.kit.exec.core-0.13.4] startup
[1.358s] [ext: omni.kit.widget.nucleus_connector-2.0.1] startup
[1.360s] [ext: omni.kit.usd_undo-0.1.8] startup
[1.360s] [ext: omni.kit.commands-1.4.10] startup
[1.362s] [ext: omni.hydra.scene_delegate-0.3.4] startup
[1.364s] [ext: omni.usd-1.13.10] startup
2026-01-24T20:32:36Z [1,373ms] [Warning] [omni.usd.audio] failed to subscribe to stage events
[1.388s] [ext: omni.inspect-1.0.2] startup
[1.389s] [ext: omni.kit.notification_manager-1.0.10] startup
[1.389s] [ext: omni.graph.core-2.184.3] startup
[1.391s] [ext: isaacsim.core.deprecation_manager-0.2.7] startup
[1.391s] [ext: omni.usd.schema.omniscripting-1.0.0] startup
[1.393s] [ext: omni.usd.schema.isaac-3.0.5] startup
[1.393s] [ext: isaacsim.robot.schema-3.5.1] startup
[1.397s] [ext: omni.usd.schema.omni_sensors-0.0.0] startup
[1.398s] [ext: omni.usd.schema.omni_lens_distortion-0.0.0] startup
[1.398s] [ext: omni.anim.navigation.schema-107.3.0] startup
[1.400s] [ext: omni.usd.schema.physx-107.3.18] startup
[1.417s] [ext: omni.usd.schema.flow-107.1.1] startup
[1.417s] [ext: omni.usd.schema.render_settings.rtx-0.0.0] startup
[1.418s] [ext: omni.kit.asset_converter-4.1.4] startup
[1.423s] [ext: omni.convexdecomposition-107.3.18] startup
[1.425s] [ext: omni.graph.tools-1.79.2] startup
[1.438s] [ext: omni.physx.foundation-107.3.18] startup
[1.438s] [ext: omni.kvdb-107.3.18] startup
[1.439s] [ext: omni.graph.action_core-1.1.7] startup
[1.440s] [ext: omni.graph-1.141.2] startup
[1.463s] [ext: omni.usdphysics-107.3.18] startup
[1.464s] [ext: omni.localcache-107.3.18] startup
[1.466s] [ext: omni.kit.menu.core-1.1.2] startup
[1.466s] [ext: omni.kit.widget.path_field-2.0.11] startup
[1.467s] [ext: omni.kit.widget.options_menu-1.1.6] startup
[1.469s] [ext: omni.kit.widget.context_menu-1.2.5] startup
[1.469s] [ext: omni.kit.widget.browser_bar-2.0.10] startup
[1.470s] [ext: omni.kit.clipboard-1.0.5] startup
[1.471s] [ext: omni.kit.widget.options_button-1.0.3] startup
[1.471s] [ext: omni.kit.helper.file_utils-0.1.9] startup
[1.472s] [ext: omni.kit.usd.layers-2.2.10] startup
[1.476s] [ext: omni.kit.menu.utils-2.0.3] startup
[1.480s] [ext: omni.ui.scene-1.11.4] startup
[1.483s] [ext: omni.kit.widget.filebrowser-2.12.2] startup
[1.486s] [ext: omni.kit.stage_template.core-1.1.22] startup
[1.486s] [ext: omni.kit.primitive.mesh-1.0.17] startup
[1.488s] [ext: omni.kit.window.filepicker-2.13.3] startup
[1.495s] [ext: omni.kit.stage_templates-2.0.0] startup
[1.497s] [ext: omni.graph.action_nodes-1.50.4] startup
[1.500s] [ext: omni.physx.cooking-107.3.18] startup
[1.503s] [ext: omni.warp.core-1.7.1] startup
[1.603s] [ext: omni.usd.metrics.assembler-107.3.1] startup
[1.606s] [ext: omni.physx-107.3.18] startup
[1.611s] [ext: omni.physics-107.3.18] startup
[1.614s] [ext: isaacsim.core.experimental.utils-0.2.0] startup
[1.615s] [ext: omni.graph.action-1.130.0] startup
[1.616s] [ext: omni.kit.manipulator.viewport-107.0.1] startup
[1.618s] [ext: omni.physics.physx-107.3.18] startup
[1.619s] [ext: omni.physics.stageupdate-107.3.18] startup
[1.632s] [ext: omni.kit.numpy.common-0.1.2] startup
[1.635s] [ext: omni.kit.property.adapter.core-1.0.2] startup
[1.640s] [ext: isaacsim.test.docstring-1.1.0] startup
[1.642s] [ext: omni.isaac.dynamic_control-2.0.7] startup
2026-01-24T20:32:36Z [1,636ms] [Warning] [omni.isaac.dynamic_control] omni.isaac.dynamic_control is deprecated as of Isaac Sim 4.5. No action is needed from end-users.
[1.646s] [ext: omni.hydra.rtx.shadercache.vulkan-1.0.0] startup
[1.647s] [ext: omni.hydra.engine.stats-1.0.3] startup
[1.648s] [ext: omni.physics.tensors-107.3.18] startup
[1.651s] [ext: omni.index.libs-380600.5717.0] startup
[1.652s] [ext: omni.volume-0.5.2] startup
[1.653s] [ext: omni.ujitso.client-0.0.0] startup
[1.654s] [ext: omni.index-1.0.1] startup
[1.654s] [ext: omni.usd.metrics.assembler.physics-107.3.18] startup
[1.655s] [ext: omni.hydra.rtx-1.0.0] startup
2026-01-24T20:32:36Z [1,655ms] [Warning] [omni.log] Source: omni.hydra was already registered.
[1.672s] [ext: omni.kit.viewport.registry-104.0.6] startup
[1.672s] [ext: omni.kit.viewport.legacy_gizmos-1.0.18] startup
[1.674s] [ext: omni.kit.raycast.query-1.1.0] startup
[1.676s] [ext: omni.kit.context_menu-1.8.6] startup
[1.678s] [ext: omni.kit.viewport.scene_camera_model-1.0.6] startup
[1.680s] [ext: omni.kit.hydra_texture-1.4.5] startup
[1.682s] [ext: omni.kit.window.file_importer-1.1.18] startup
[1.684s] [ext: isaacsim.core.version-2.0.6] startup
[1.685s] [ext: omni.kit.window.drop_support-1.0.5] startup
[1.685s] [ext: omni.kit.widget.viewport-107.1.3] startup
[1.688s] [ext: omni.kit.material.library-2.0.7] startup
[1.691s] [ext: isaacsim.storage.native-1.2.8] startup
[1.692s] [ext: omni.kit.viewport.window-107.0.12] startup
[1.703s] [ext: omni.physx.tensors-107.3.18] startup
[1.706s] [ext: isaacsim.core.utils-3.4.5] startup
[1.708s] [ext: omni.kit.viewport.utility-1.1.2] startup
[1.710s] [ext: omni.kit.menu.create-2.0.1] startup
[1.711s] [ext: isaacsim.core.simulation_manager-1.3.2] startup
[2.418s] [ext: omniWarp CUDA error: Failed to get driver entry point 'cuDeviceGetUuid' (CUDA error 1)
Warp CUDA error: Function cuDeviceGetUuid_f: a suitable driver entry point was not found
Warp CUDA error 36: API call is not supported in the installed CUDA driver (in function cuda_init, /builds/omniverse/warp/warp/native/warp.cu:277)
.graph.visualization.nodes-2.1.3] startup
[2.424s] [ext: omni.kit.property.adapter.usd-1.0.2] startup
[2.425s] [ext: omni.kit.property.adapter.fabric-1.0.3] startup
[2.427s] [ext: omni.kit.widget.searchable_combobox-1.0.6] startup
[2.428s] [ext: omni.kit.usd.collect-2.4.5] startup
[2.431s] [ext: omni.kit.window.file_exporter-1.0.33] startup
[2.432s] [ext: omni.kit.hotkeys.core-1.3.10] startup
[2.434s] [ext: omni.kit.widget.highlight_label-1.0.3] startup
[2.435s] [ext: omni.kit.window.file-2.0.5] startup
[2.438s] [ext: omni.kit.widget.searchfield-1.1.8] startup
[2.440s] [ext: omni.kit.widget.filter-1.1.4] startup
[2.440s] [ext: omni.kit.window.content_browser_registry-0.0.6] startup
[2.441s] [ext: omni.kit.widget.stage_icons-1.0.8] startup
[2.441s] [ext: omni.kit.widget.stage-3.1.4] startup
[2.448s] [ext: omni.kit.window.property-1.12.1] startup
[2.450s] [ext: omni.kit.window.content_browser-3.1.1] startup
[2.456s] [ext: omni.kit.window.stage-2.6.1] startup
[2.458s] [ext: omni.kit.property.usd-4.5.11] startup
[2.464s] [ext: omni.ui_query-1.1.8] startup
[2.465s] [ext: omni.kit.widget.prompt-1.0.7] startup
[2.466s] [ext: omni.kit.ui_test-1.3.6] startup
[2.467s] [ext: omni.kit.tool.collect-2.2.18] startup
[2.469s] [ext: omni.kit.scripting-107.3.1] startup
[2.471s] [ext: isaacsim.core.experimental.prims-0.6.2] startup
[2.485s] [ext: omni.kit.widget.zoombar-1.0.6] startup
[2.487s] [ext: omni.kit.window.extensions-1.4.26] startup
[2.490s] [ext: isaacsim.replicator.behavior-1.1.14] startup
[2.491s] [ext: isaacsim.core.experimental.objects-0.2.4] startup
[2.493s] [ext: omni.kit.browser.core-2.3.13] startup
[2.497s] [ext: omni.kit.usdz_export-1.0.9] startup
[2.499s] [ext: omni.kit.menu.stage-1.2.7] startup
[2.500s] [ext: omni.kit.browser.folder.core-1.10.9] startup
[2.503s] [ext: omni.kit.tool.asset_importer-4.3.2] startup
[2.506s] [ext: isaacsim.gui.components-1.1.9] startup
[2.509s] [ext: isaacsim.examples.browser-0.1.12] startup
[2.511s] [ext: isaacsim.asset.importer.urdf-2.4.19] startup
[2.544s] [ext: isaacsim.simulation_app-2.9.2] startup
[2.546s] [ext: omni.graph.ui_nodes-1.50.5] startup
[2.552s] [ext: omni.isaac.kit-2.0.6] startup
2026-01-24T20:32:37Z [2,544ms] [Warning] [omni.isaac.kit] omni.isaac.kit has been deprecated in favor of isaacsim.simulation_app. Please update your code accordingly.
[2.554s] [ext: omni.kit.widget.graph-2.0.0] startup
[2.560s] [ext: omni.graph.image.core-0.6.1] startup
[2.561s] [ext: omni.kit.widget.settings-1.2.3] startup
[2.562s] [ext: omni.kit.graph.delegate.default-1.2.2] startup
[2.563s] [ext: omni.graph.image.nodes-1.3.1] startup
[2.564s] [ext: omni.kit.window.preferences-1.8.0] startup
[2.569s] [ext: omni.kit.graph.editor.core-1.5.3] startup
[2.571s] [ext: omni.kit.graph.usd.commands-1.3.1] startup
[2.573s] [ext: omni.graph.nodes-1.170.10] startup
[2.578s] [ext: omni.kit.viewport.menubar.core-107.1.5] startup
[2.591s] [ext: omni.kit.widget.material_preview-1.0.16] startup
[2.593s] [ext: omni.videoencoding-0.1.2] startup
[2.594s] [ext: isaacsim.core.prims-0.5.1] startup
[2.603s] [ext: omni.warp-1.7.1] startup
[2.607s] [ext: omni.syntheticdata-0.6.13] startup
[2.626s] [ext: omni.kit.window.material_graph-1.8.23] startup
[2.679s] [ext: omni.graph.scriptnode-1.50.0] startup
[2.680s] [ext: isaacsim.core.api-4.6.10] startup
[2.690s] [ext: omni.replicator.core-1.12.16] startup
2026-01-24T20:32:37Z [2,686ms] [Warning] [pxr.Semantics] pxr.Semantics is deprecated - please use Semantics instead
2026-01-24T20:32:37Z [2,743ms] [Warning] [omni.replicator.core.scripts.extension] No material configuration file, adding configuration to material settings directly.
[2.754s] [ext: isaacsim.robot_motion.lula-4.0.8] startup
[2.759s] [ext: isaacsim.robot.surface_gripper-3.2.6] startup
[2.762s] [ext: isaacsim.core.nodes-3.2.16] startup
[2.772s] [ext: isaacsim.robot_motion.motion_generation-8.0.25] startup
[2.790s] [ext: isaacsim.robot.manipulators-3.3.5] startup
[2.794s] [ext: omni.isaac.core_nodes-2.0.6] startup
2026-01-24T20:32:37Z [2,789ms] [Warning] [omni.isaac.core_nodes] omni.isaac.core_nodes has been deprecated in favor of isaacsim.core.nodes. Please update your code accordingly.
[2.804s] [ext: isaacsim.robot.manipulators.examples-1.0.17] startup
[2.807s] [ext: omni.kit.property.audio-1.0.16] startup
[2.816s] [ext: isaacsim.cortex.framework-1.0.12] startup
[2.820s] [ext: omni.kit.property.camera-1.0.10] startup
[2.828s] [ext: omni.hydra.scene_api-0.1.2] startup
[2.835s] [ext: omni.kit.property.geometry-2.0.4] startup
[2.842s] [ext: omni.kit.property.light-1.0.12] startup
[2.852s] [ext: isaacsim.cortex.behaviors-2.0.12] startup
[2.853s] [ext: omni.kit.property.material-1.11.9] startup
[2.864s] [ext: omni.kit.property.transform-1.5.12] startup
[2.871s] [ext: omni.kit.property.render-1.2.1] startup
[2.872s] [ext: omni.isaac.cortex-1.0.5] startup
2026-01-24T20:32:38Z [2,863ms] [Warning] [omni.isaac.cortex] omni.isaac.cortex has been deprecated in favor of isaacsim.cortex.framework. Please update your code accordingly.
[2.873s] [ext: omni.isaac.cortex.sample_behaviors-2.0.5] startup
2026-01-24T20:32:38Z [2,865ms] [Warning] [omni.isaac.cortex.sample_behaviors] omni.isaac.cortex.sample_behaviors has been deprecated in favor of isaacsim.cortex.behaviors. Please update your code accordingly.
[2.875s] [ext: omni.anim.curve.core-1.3.1] startup
[2.883s] [ext: isaacsim.robot_motion.lula_test_widget-1.0.12] startup
[2.886s] [ext: omni.kit.property.bundle-1.4.1] startup
[2.889s] [ext: omni.isaac.lula-4.0.6] startup
2026-01-24T20:32:38Z [2,880ms] [Warning] [omni.isaac.lula] omni.isaac.lula has been deprecated in favor of isaacsim.robot_motion.lula. Please update your code accordingly.
[2.891s] [ext: omni.isaac.manipulators-3.0.7] startup
2026-01-24T20:32:38Z [2,884ms] [Warning] [omni.isaac.manipulators] omni.isaac.manipulators has been deprecated in favor of isaacsim.robot.manipulators. Please update your code accordingly.
2026-01-24T20:32:38Z [2,884ms] [Warning] [omni.isaac.manipulators.controllers] omni.isaac.manipulators has been deprecated in favor of isaacsim.robot.manipulators. Please update your code accordingly.
2026-01-24T20:32:38Z [2,884ms] [Warning] [omni.isaac.manipulators.controllers.pick_place_controller] omni.isaac.manipulators has been deprecated in favor of isaacsim.robot.manipulators. Please update your code accordingly.
2026-01-24T20:32:38Z [2,885ms] [Warning] [omni.isaac.manipulators.controllers.stacking_controller] omni.isaac.manipulators has been deprecated in favor of isaacsim.robot.manipulators. Please update your code accordingly.
2026-01-24T20:32:38Z [2,885ms] [Warning] [omni.isaac.manipulators.grippers] omni.isaac.manipulators has been deprecated in favor of isaacsim.robot.manipulators. Please update your code accordingly.
2026-01-24T20:32:38Z [2,885ms] [Warning] [omni.isaac.manipulators.grippers.gripper] omni.isaac.manipulators has been deprecated in favor of isaacsim.robot.manipulators. Please update your code accordingly.
2026-01-24T20:32:38Z [2,885ms] [Warning] [omni.isaac.manipulators.grippers.parallel_gripper] omni.isaac.manipulators has been deprecated in favor of isaacsim.robot.manipulators. Please update your code accordingly.
2026-01-24T20:32:38Z [2,886ms] [Warning] [omni.isaac.manipulators.grippers.surface_gripper] omni.isaac.manipulators has been deprecated in favor of isaacsim.robot.manipulators. Please update your code accordingly.
2026-01-24T20:32:38Z [2,886ms] [Warning] [omni.isaac.manipulators.manipulators] omni.isaac.manipulators has been deprecated in favor of isaacsim.robot.manipulators. Please update your code accordingly.
2026-01-24T20:32:38Z [2,886ms] [Warning] [omni.isaac.manipulators.manipulators.single_manipulator] omni.isaac.manipulators has been deprecated in favor of isaacsim.robot.manipulators. Please update your code accordingly.
[2.896s] [ext: omni.kit.viewport.menubar.lighting-107.3.1] startup
[2.899s] [ext: omni.isaac.lula_test_widget-1.0.6] startup
2026-01-24T20:32:38Z [2,892ms] [Warning] [omni.isaac.lula_test_widget] omni.isaac.lula_test_widget has been deprecated in favor of isaacsim.robot_motion.lula_test_widget. Please update your code accordingly.
[2.902s] [ext: isaacsim.core.throttling-2.1.10] startup
[2.904s] [ext: isaacsim.asset.importer.mjcf-2.5.8] startup
[2.910s] [ext: omni.kit.selection-0.1.6] startup
[2.912s] [ext: omni.kit.widget.toolbar-2.0.1] startup
[3.074s] [ext: omni.kit.manipulator.transform-107.0.0] startup
[3.079s] [ext: isaacsim.gui.menu-2.3.17] startup
[3.240s] [ext: isaacsim.asset.browser-1.3.19] startup
[3.257s] [ext: omni.kit.manipulator.tool.snap-1.5.13] startup
[3.266s] [ext: omni.kit.manipulator.selector-1.1.3] startup
[3.268s] [ext: omni.isaac.menu-1.0.6] startup
2026-01-24T20:32:38Z [3,262ms] [Warning] [omni.isaac.menu] omni.isaac.menu has been deprecated in favor of isaacsim.gui.menu. Please update your code accordingly.
[3.272s] [ext: omni.isaac.motion_generation-8.0.7] startup
2026-01-24T20:32:38Z [3,264ms] [Warning] [omni.isaac.motion_generation] omni.isaac.motion_generation has been deprecated in favor of isaacsim.robot_motion.motion_generation. Please update your code accordingly.
2026-01-24T20:32:38Z [3,264ms] [Warning] [omni.isaac.motion_generation.articulation_kinematics_solver] omni.isaac.motion_generation has been deprecated in favor of isaacsim.robot_motion.motion_generation. Please update your code accordingly.
2026-01-24T20:32:38Z [3,264ms] [Warning] [omni.isaac.motion_generation.articulation_motion_policy] omni.isaac.motion_generation has been deprecated in favor of isaacsim.robot_motion.motion_generation. Please update your code accordingly.
2026-01-24T20:32:38Z [3,264ms] [Warning] [omni.isaac.motion_generation.articulation_trajectory] omni.isaac.motion_generation has been deprecated in favor of isaacsim.robot_motion.motion_generation. Please update your code accordingly.
2026-01-24T20:32:38Z [3,264ms] [Warning] [omni.isaac.motion_generation.kinematics_interface] omni.isaac.motion_generation has been deprecated in favor of isaacsim.robot_motion.motion_generation. Please update your code accordingly.
2026-01-24T20:32:38Z [3,265ms] [Warning] [omni.isaac.motion_generation.lula] omni.isaac.motion_generation has been deprecated in favor of isaacsim.robot_motion.motion_generation. Please update your code accordingly.
2026-01-24T20:32:38Z [3,265ms] [Warning] [omni.isaac.motion_generation.lula.kinematics] omni.isaac.motion_generation has been deprecated in favor of isaacsim.robot_motion.motion_generation. Please update your code accordingly.
2026-01-24T20:32:38Z [3,265ms] [Warning] [omni.isaac.motion_generation.lula.motion_policies] omni.isaac.motion_generation has been deprecated in favor of isaacsim.robot_motion.motion_generation. Please update your code accordingly.
2026-01-24T20:32:38Z [3,265ms] [Warning] [omni.isaac.motion_generation.lula.path_planners] omni.isaac.motion_generation has been deprecated in favor of isaacsim.robot_motion.motion_generation. Please update your code accordingly.
2026-01-24T20:32:38Z [3,265ms] [Warning] [omni.isaac.motion_generation.lula.trajectory_generator] omni.isaac.motion_generation has been deprecated in favor of isaacsim.robot_motion.motion_generation. Please update your code accordingly.
2026-01-24T20:32:38Z [3,265ms] [Warning] [omni.isaac.motion_generation.motion_policy_controller] omni.isaac.motion_generation has been deprecated in favor of isaacsim.robot_motion.motion_generation. Please update your code accordingly.
2026-01-24T20:32:38Z [3,265ms] [Warning] [omni.isaac.motion_generation.motion_policy_interface] omni.isaac.motion_generation has been deprecated in favor of isaacsim.robot_motion.motion_generation. Please update your code accordingly.
2026-01-24T20:32:38Z [3,265ms] [Warning] [omni.isaac.motion_generation.path_planner_visualizer] omni.isaac.motion_generation has been deprecated in favor of isaacsim.robot_motion.motion_generation. Please update your code accordingly.
2026-01-24T20:32:38Z [3,265ms] [Warning] [omni.isaac.motion_generation.path_planning_interface] omni.isaac.motion_generation has been deprecated in favor of isaacsim.robot_motion.motion_generation. Please update your code accordingly.
2026-01-24T20:32:38Z [3,266ms] [Warning] [omni.isaac.motion_generation.trajectory] omni.isaac.motion_generation has been deprecated in favor of isaacsim.robot_motion.motion_generation. Please update your code accordingly.
2026-01-24T20:32:38Z [3,266ms] [Warning] [omni.isaac.motion_generation.world_interface] omni.isaac.motion_generation has been deprecated in favor of isaacsim.robot_motion.motion_generation. Please update your code accordingly.
[3.275s] [ext: omni.isaac.asset_browser-1.0.6] startup
2026-01-24T20:32:38Z [3,266ms] [Warning] [omni.isaac.asset_browser] omni.isaac.asset_browser has been deprecated in favor of isaacsim.asset.browser. Please update your code accordingly.
[3.277s] [ext: omni.kit.viewport.manipulator.transform-107.0.4] startup
[3.280s] [ext: omni.isaac.nucleus-1.0.6] startup
2026-01-24T20:32:38Z [3,270ms] [Warning] [omni.isaac.nucleus] omni.isaac.nucleus has been deprecated in favor of isaacsim.storage.native. Please update your code accordingly.
2026-01-24T20:32:38Z [3,270ms] [Warning] [omni.isaac.nucleus.nucleus] omni.isaac.nucleus.nucleus has been deprecated in favor of isaacsim.storage.native. Please update your code accordingly.
[3.280s] [ext: omni.fabric.commands-1.1.6] startup
[3.284s] [ext: omni.kit.manipulator.prim.core-107.0.8] startup
[3.288s] [ext: isaacsim.robot.wheeled_robots-4.0.23] startup
[3.291s] [ext: omni.isaac.utils-2.0.6] startup
[3.293s] [ext: omni.isaac.version-2.0.7] startup
2026-01-24T20:32:38Z [3,286ms] [Warning] [omni.isaac.version] omni.isaac.version has been deprecated in favor of isaacsim.core.version. Please update your code accordingly.
[3.296s] [ext: omni.isaac.wheeled_robots-3.0.7] startup
2026-01-24T20:32:38Z [3,287ms] [Warning] [omni.isaac.wheeled_robots] omni.isaac.wheeled_robots has been deprecated in favor of isaacsim.robot.wheeled_robots. Please update your code accordingly.
2026-01-24T20:32:38Z [3,287ms] [Warning] [omni.isaac.wheeled_robots.controllers] omni.isaac.wheeled_robots has been deprecated in favor of isaacsim.robot.wheeled_robots. Please update your code accordingly.
2026-01-24T20:32:38Z [3,287ms] [Warning] [omni.isaac.wheeled_robots.controllers.ackermann_controller] omni.isaac.wheeled_robots has been deprecated in favor of isaacsim.robot.wheeled_robots. Please update your code accordingly.
2026-01-24T20:32:38Z [3,288ms] [Warning] [omni.isaac.wheeled_robots.controllers.differential_controller] omni.isaac.wheeled_robots has been deprecated in favor of isaacsim.robot.wheeled_robots. Please update your code accordingly.
2026-01-24T20:32:38Z [3,288ms] [Warning] [omni.isaac.wheeled_robots.controllers.holonomic_controller] omni.isaac.wheeled_robots has been deprecated in favor of isaacsim.robot.wheeled_robots. Please update your code accordingly.
2026-01-24T20:32:38Z [3,288ms] [Warning] [omni.isaac.wheeled_robots.controllers.quintic_path_planner] omni.isaac.wheeled_robots has been deprecated in favor of isaacsim.robot.wheeled_robots. Please update your code accordingly.
2026-01-24T20:32:38Z [3,288ms] [Warning] [omni.isaac.wheeled_robots.controllers.stanley_control] omni.isaac.wheeled_robots has been deprecated in favor of isaacsim.robot.wheeled_robots. Please update your code accordingly.
2026-01-24T20:32:38Z [3,288ms] [Warning] [omni.isaac.wheeled_robots.controllers.wheel_base_pose_controller] omni.isaac.wheeled_robots has been deprecated in favor of isaacsim.robot.wheeled_robots. Please update your code accordingly.
2026-01-24T20:32:38Z [3,288ms] [Warning] [omni.isaac.wheeled_robots.impl] omni.isaac.wheeled_robots has been deprecated in favor of isaacsim.robot.wheeled_robots. Please update your code accordingly.
2026-01-24T20:32:38Z [3,288ms] [Warning] [omni.isaac.wheeled_robots.robots] omni.isaac.wheeled_robots has been deprecated in favor of isaacsim.robot.wheeled_robots. Please update your code accordingly.
2026-01-24T20:32:38Z [3,289ms] [Warning] [omni.isaac.wheeled_robots.robots.holonomic_robot_usd_setup] omni.isaac.wheeled_robots has been deprecated in favor of isaacsim.robot.wheeled_robots. Please update your code accordingly.
2026-01-24T20:32:38Z [3,290ms] [Warning] [omni.isaac.wheeled_robots.robots.wheeled_robot] omni.isaac.wheeled_robots has been deprecated in favor of isaacsim.robot.wheeled_robots. Please update your code accordingly.
[3.299s] [ext: omni.sensors.nv.common-2.7.0-coreapi] startup
[3.306s] [ext: isaacsim.app.about-2.0.11] startup
[3.309s] [ext: omni.kit.manipulator.prim.fabric-107.0.4] startup
[3.312s] [ext: isaacsim.sensors.physics-0.3.27] startup
[3.318s] [ext: omni.kit.manipulator.prim.usd-107.0.3] startup
[3.320s] [ext: omni.sensors.net-0.4.0-coreapi] startup
[3.323s] [ext: omni.sensors.nv.materials-1.6.0-coreapi] startup
[3.328s] [ext: omni.isaac.window.about-2.0.7] startup
2026-01-24T20:32:38Z [3,320ms] [Warning] [omni.isaac.window.about] omni.isaac.window.about has been deprecated in favor of isaacsim.app.about. Please update your code accordingly.
2026-01-24T20:32:38Z [3,320ms] [Warning] [omni.isaac.window.about.about] omni.isaac.window.about.about has been deprecated in favor of isaacsim.app.about.about. Please update your code accordingly.
[3.330s] [ext: omni.kit.manipulator.camera-106.0.4] startup
[3.333s] [ext: isaacsim.robot.policy.examples-4.1.11] startup
[3.333s] [ext: omni.kit.manipulator.prim-107.0.0] startup
[3.335s] [ext: omni.kit.manipulator.selection-106.0.1] startup
[3.337s] [ext: omni.sensors.nv.ids-1.5.0-coreapi] startup
[3.338s] [ext: omni.sensors.nv.wpm-2.5.0-coreapi] startup
[3.339s] [ext: omni.sensors.nv.lidar-2.7.0-coreapi] startup
[3.343s] [ext: omni.isaac.quadruped-3.0.7] startup
2026-01-24T20:32:38Z [3,334ms] [Warning] [omni.isaac.quadruped] omni.isaac.quadruped has been deprecated in favor of isaacsim.robot.policy.examples. Please update your code accordingly.
[3.344s] [ext: omni.isaac.assets_check-0.3.13] startup
2026-01-24T20:32:38Z [3,336ms] [Warning] [omni.isaac.assets_check] omni.isaac.assets_check has been deprecated in favor of isaacsim.asset.browser. Please update your code accordingly.
[3.345s] [ext: isaacsim.gui.content_browser-0.1.9] startup
[3.348s] [ext: isaacsim.util.debug_draw-3.1.0] startup
[3.350s] [ext: omni.sensors.nv.radar-2.8.0-coreapi] startup
[3.352s] [ext: omni.isaac.franka-1.0.7] startup
2026-01-24T20:32:38Z [3,343ms] [Warning] [omni.isaac.franka] omni.isaac.franka has been deprecated in favor of isaacsim.robot.manipulators.examples.franka. Please update your code accordingly.
2026-01-24T20:32:38Z [3,343ms] [Warning] [omni.isaac.franka.franka] omni.isaac.franka has been deprecated in favor of isaacsim.robot.manipulators.examples.franka. Please update your code accordingly.
2026-01-24T20:32:38Z [3,344ms] [Warning] [omni.isaac.franka.kinematics_solver] omni.isaac.franka has been deprecated in favor of isaacsim.robot.manipulators.examples.franka. Please update your code accordingly.
[3.353s] [ext: isaacsim.gui.property-1.1.3] startup
[3.356s] [ext: isaacsim.sensors.physx-2.2.27] startup
[3.358s] [ext: isaacsim.sensors.camera-1.3.1] startup
[3.364s] [ext: isaacsim.sensors.rtx-15.5.0] startup
[3.372s] [ext: isaacsim.core.cloner-1.4.9] startup
[3.375s] [ext: omni.kit.property.isaac-1.0.6] startup
2026-01-24T20:32:38Z [3,367ms] [Warning] [omni.kit.property.isaac] omni.kit.property.isaac has been deprecated in favor of isaacsim.gui.property. Please update your code accordingly.
2026-01-24T20:32:38Z [3,367ms] [Warning] [omni.kit.property.isaac.widgets] omni.kit.property.isaac.widgets has been deprecated in favor of isaacsim.gui.property.widgets. Please update your code accordingly.
[3.377s] [ext: omni.isaac.range_sensor-4.0.6] startup
2026-01-24T20:32:38Z [3,367ms] [Warning] [omni.isaac.range_sensor] omni.isaac.range_sensor has been deprecated in favor of isaacsim.sensors.physx. Please update your code accordingly.
2026-01-24T20:32:38Z [3,368ms] [Warning] [omni.isaac.range_sensor.commands] omni.isaac.range_sensor.commands has been deprecated in favor of isaacsim.sensors.physx.commands. Please update your code accordingly.
[3.378s] [ext: omni.kit.viewport.menubar.camera-107.0.3] startup
[3.387s] [ext: omni.isaac.sensor-13.0.7] startup
2026-01-24T20:32:38Z [3,377ms] [Warning] [omni.isaac.sensor] omni.isaac.sensor has been deprecated in favor of isaacsim.sensors.camera, isaacsim.sensors.physics, isaacsim.sensors.physx, and isaacsim.sensors.rtx. Please update your code accordingly.
2026-01-24T20:32:38Z [3,377ms] [Warning] [omni.isaac.sensor.camera] omni.isaac.sensor.camera has been deprecated in favor of isaacsim.sensors.camera.camera. Please update your code accordingly.
2026-01-24T20:32:38Z [3,377ms] [Warning] [omni.isaac.sensor.camera_view] omni.isaac.sensor.camera_view has been deprecated in favor of isaacsim.sensors.camera.camera_view. Please update your code accordingly.
2026-01-24T20:32:38Z [3,377ms] [Warning] [omni.isaac.sensor.commands] omni.isaac.sensor.commands has been deprecated in favor of isaacsim.sensors.physics.commands, isaacsim.sensors.physx.commands, and isaacsim.sensors.rtx.commands. Please update your code accordingly.
2026-01-24T20:32:38Z [3,378ms] [Warning] [omni.isaac.sensor.contact_sensor] omni.isaac.sensor.contact_sensor has been deprecated in favor of isaacsim.sensors.physics.contact_sensor. Please update your code accordingly.
2026-01-24T20:32:38Z [3,378ms] [Warning] [omni.isaac.sensor.imu_sensor] omni.isaac.sensor.imu_sensor has been deprecated in favor of isaacsim.sensors.physics.imu_sensor. Please update your code accordingly.
2026-01-24T20:32:38Z [3,378ms] [Warning] [omni.isaac.sensor.lidar_rtx] omni.isaac.sensor.lidar_rtx has been deprecated in favor of isaacsim.sensors.rtx.lidar_rtx. Please update your code accordingly.
2026-01-24T20:32:38Z [3,378ms] [Warning] [omni.isaac.sensor.rotating_lidar_physX] omni.isaac.sensor.imu_sensor has been deprecated in favor of isaacsim.sensors.physix.rotating_lidar_physX. Please update your code accordingly.
2026-01-24T20:32:38Z [3,378ms] [Warning] [omni.isaac.sensor.scripts.samples.contact_sensor] omni.isaac.sensor.scripts.samples.contact_sensor has been deprecated in favor of isaacsim.sensors.physics.scripts.samples.contact_sensor. Please update your code accordingly.
2026-01-24T20:32:38Z [3,378ms] [Warning] [omni.isaac.sensor.scripts.samples.imu_sensor] omni.isaac.sensor.scripts.samples.imu_sensor has been deprecated in favor of isaacsim.sensors.physics.scripts.samples.imu_sensor. Please update your code accordingly.
2026-01-24T20:32:38Z [3,379ms] [Warning] [omni.isaac.sensor.scripts.samples.lightbeam_sensor] omni.isaac.sensor.scripts.samples.lightbeam_sensor has been deprecated in favor of isaacsim.sensors.physx.scripts.samples.lightbeam_sensor. Please update your code accordingly.
[3.388s] [ext: omni.isaac.cloner-1.0.7] startup
2026-01-24T20:32:38Z [3,379ms] [Warning] [omni.isaac.cloner] omni.isaac.cloner has been deprecated in favor of isaacsim.core.cloner. Please update your code accordingly.
[3.390s] [ext: omni.kit.viewport.menubar.render-107.0.9] startup
[3.393s] [ext: omni.kit.viewport.menubar.settings-107.0.3] startup
[3.400s] [ext: isaacsim.replicator.writers-1.0.15] startup
[3.408s] [ext: omni.kit.window.console-1.1.4] startup
[3.412s] [ext: omni.kit.window.status_bar-0.1.8] startup
[3.415s] [ext: omni.kit.viewport.actions-107.0.2] startup
[3.419s] [ext: isaacsim.replicator.domain_randomization-1.0.16] startup
[3.422s] [ext: isaacsim.replicator.examples-1.1.31] startup
[3.423s] [ext: omni.ocio-0.1.1] startup
[3.426s] [ext: omni.rtx.window.settings-0.6.19] startup
[3.432s] [ext: omni.kit.viewport.menubar.display-107.0.3] startup
[3.436s] [ext: omni.kit.window.toolbar-2.0.0] startup
[3.445s] [ext: omni.replicator.isaac-2.0.8] startup
2026-01-24T20:32:38Z [3,436ms] [Warning] [omni.replicator.isaac] omni.replicator.isaac has been deprecated in favor of isaacsim.replicator.domain_randomization, isaacsim.replicator.examples, isaacsim.replicator.writers. Please update your code accordingly.
[3.445s] [ext: omni.replicator.replicator_yaml-2.0.11] startup
[3.456s] [ext: omni.rtx.settings.core-0.6.5] startup
[3.470s] [ext: omni.usd.metrics.assembler.ui-107.3.1] startup
[3.478s] [ext: omni.isaac.surface_gripper-2.0.6] startup
2026-01-24T20:32:38Z [3,468ms] [Warning] [omni.isaac.surface_gripper] omni.isaac.surface_gripper has been deprecated in favor of isaacsim.robot.surface_gripper. Please update your code accordingly.
[3.478s] [ext: semantics.schema.editor-2.0.1] startup
[3.482s] [ext: omni.kit.ui.actions-1.0.5] startup
[3.483s] [ext: semantics.schema.property-2.0.1] startup
[3.485s] [ext: omni.isaac.universal_robots-1.0.6] startup
2026-01-24T20:32:38Z [3,475ms] [Warning] [omni.isaac.universal_robots] omni.isaac.universal_robots has been deprecated in favor of isaacsim.robot.manipulators.examples.universal_robots. Please update your code accordingly.
2026-01-24T20:32:38Z [3,475ms] [Warning] [omni.isaac.universal_robots.kinematics_solver] omni.isaac.franka has been deprecated in favor of isaacsim.robot.manipulators.examples.universal_robots. Please update your code accordingly.
2026-01-24T20:32:38Z [3,476ms] [Warning] [omni.isaac.universal_robots.ur10] omni.isaac.franka has been deprecated in favor of isaacsim.robot.manipulators.examples.universal_robots. Please update your code accordingly.
[3.485s] [ext: omni.isaac.core-4.0.7] startup
2026-01-24T20:32:38Z [3,478ms] [Warning] [omni.isaac.core.physics_context.physics_context] omni.isaac.core.physics_context.physics_context has been deprecated in favor of isaacsim.core.api.physics_context.physics_context. Please update your code accordingly.
2026-01-24T20:32:38Z [3,478ms] [Warning] [omni.isaac.core.simulation_context.simulation_context] omni.isaac.core.simulation_context.simulation_context has been deprecated in favor of isaacsim.core.api.simulation_context.simulation_context. Please update your code accordingly.
2026-01-24T20:32:38Z [3,478ms] [Warning] [omni.isaac.core.world.world] omni.isaac.core.world.world has been deprecated in favor of isaacsim.core.api.world.world. Please update your code accordingly.
2026-01-24T20:32:38Z [3,478ms] [Warning] [omni.isaac.core] omni.isaac.core has been deprecated in favor of isaacsim.core.api. Please update your code accordingly.
[3.488s] [ext: isaacsim.gui.sensors.icon-2.0.3] startup
[3.491s] [ext: isaacsim.core.experimental.materials-0.3.0] startup
[3.494s] [ext: omni.kit.menu.common-2.0.0] startup
[3.496s] [ext: isaacsim.exp.base-5.0.0] startup
[3.496s] [ext: isaacsim.exp.base.python-5.0.0] startup
[3.497s] Simulation App Starting
2026-01-24T20:32:38Z [3,562ms] [Warning] [usdrt.population.plugin] using high frequency span is disabled
2026-01-24T20:32:38Z [3,579ms] [Warning] [omni.fabric.plugin] Warning: attribute viewportHandle not found for bucket id 9

[3.599s] app ready
Starting kit application with the following args:  ['/home/sandro/isaacsim/exts/isaacsim.simulation_app/isaacsim/simulation_app/simulation_app.py', '/home/sandro/isaacsim/apps/isaacsim.exp.base.python.kit', '--/app/tokens/exe-path=/home/sandro/isaacsim/kit', '--/persistent/app/viewport/displayOptions=3094', '--/rtx/materialDb/syncLoads=True', '--/rtx/hydra/materialSyncLoads=True', '--/omni.kit.plugin/syncUsdLoads=True', '--/app/renderer/resolution/width=2560', '--/app/renderer/resolution/height=1440', '--/app/window/width=1440', '--/app/window/height=900', '--/renderer/multiGpu/enabled=True', '--/app/fastShutdown=True', '--/app/installSignalHandlers=0', '--ext-folder', '/home/sandro/isaacsim/exts', '--ext-folder', '/home/sandro/isaacsim/apps', '--/physics/cudaDevice=0', '--/plugins/carb.tasking.plugin/threadCount=24', '--/plugins/omni.tbb.globalcontrol/maxThreadCount=24', '--portable', '--no-window', '--/app/window/hideUi=1']
Passing the following args to the base kit application:  ['--side-meters', '20', '--flight-height', '25']
Warp 1.7.1 initialized:
   CUDA Toolkit 12.8, Driver 13.0
   Devices:
     "cpu"      : "x86_64"
     "cuda:0"   : "NVIDIA GeForce RTX 5090" (31 GiB, sm_120, mempool enabled)
   Kernel cache:
     /home/sandro/.cache/warp/1.7.1
[HEADLESS] Isaac Sim initialized successfully
[RUNNER] Project root: /home/sandro/aeroSplat-4D/isaacsim
[RUNNER] Loaded configuration from /home/sandro/aeroSplat-4D/isaacsim/config.yaml
[RUNNER] Applying asset config for: snow-dragon.usdc
[RUNNER] Bird wingspan: 1.0m -> scale=[1.0, 1.0, 1.0]
[RUNNER] Bird flap frequency: 1.0Hz -> animation_speed_factor=1.0
[HEADLESS] Configuration loaded
[HEADLESS] Asset: snow-dragon.usdc
[HEADLESS] Scene: https://omniverse-content-production.s3-us-west-2.amazonaws.com/Assets/Isaac/4.2/Isaac/Environments/Simple_Warehouse/warehouse.usd
[HEADLESS] Output: None
======================================================================

[HEADLESS] Starting render loop...
2026-01-24T20:32:38Z [3,658ms] [Warning] [carb] Acquiring non optional plugin interface which is not listed as dependency: [carb::dictionary::ISerializer v1.1] (plugin: carb.dictionary.serializer-json.plugin), by client: carb.scenerenderer-rtx.plugin. Add it to CARB_PLUGIN_IMPL_DEPS() macro of a client.
2026-01-24T20:32:40Z [4,969ms] [Warning] [usdrt.hydra.fabric_scene_delegate.plugin] using high frequency span is disabled
2026-01-24T20:32:40Z [4,970ms] [Warning] [usdrt.hydra.fabric_scene_delegate.plugin] using high frequency span is disabled
2026-01-24T20:32:40Z [4,970ms] [Warning] [usdrt.hydra.fabric_scene_delegate.plugin] using high frequency span with attrs is disabled
2026-01-24T20:32:40Z [5,002ms] [Warning] [usdrt.hydra.fabric_scene_delegate.plugin] using high frequency span is disabled
2026-01-24T20:32:40Z [5,002ms] [Warning] [usdrt.hydra.fabric_scene_delegate.plugin] using high frequency span is disabled
[5.218s] Simulation App Startup Complete
2026-01-24T20:32:43Z [7,855ms] [Warning] [usdrt.hydra.fabric_scene_delegate.plugin] using high frequency span with attrs is disabled
2026-01-24T20:32:46Z [11,598ms] [Warning] [omni.fabric.plugin] Warning: attribute evaluatedTranslations not found for bucket id 4b

2026-01-24T20:32:46Z [11,705ms] [Warning] [isaacsim.sensors.camera.camera] 'verticalAperture' (1.5290800094604493) and 'horizontalAperture' (2.0954999923706055) are inconsistent with the pixel resolution aspect ratio (1.7777777777777777). Setting 'verticalAperture' to 1.1787187457084656 to ensure square pixels.
2026-01-24T20:32:46Z [11,707ms] [Warning] [isaacsim.sensors.camera.camera] 'verticalAperture' (1.5290800094604493) and 'horizontalAperture' (2.0954999923706055) are inconsistent with the pixel resolution aspect ratio (1.7777777777777777). Setting 'verticalAperture' to 1.1787187457084656 to ensure square pixels.
2026-01-24T20:32:46Z [11,709ms] [Warning] [isaacsim.sensors.camera.camera] 'verticalAperture' (1.5290800094604493) and 'horizontalAperture' (2.0954999923706055) are inconsistent with the pixel resolution aspect ratio (1.7777777777777777). Setting 'verticalAperture' to 1.1787187457084656 to ensure square pixels.
2026-01-24T20:32:46Z [11,711ms] [Warning] [isaacsim.sensors.camera.camera] 'verticalAperture' (1.5290800094604493) and 'horizontalAperture' (2.0954999923706055) are inconsistent with the pixel resolution aspect ratio (1.7777777777777777). Setting 'verticalAperture' to 1.1787187457084656 to ensure square pixels.
2026-01-24T20:32:46Z [11,713ms] [Warning] [isaacsim.sensors.camera.camera] 'verticalAperture' (1.5290800094604493) and 'horizontalAperture' (2.0954999923706055) are inconsistent with the pixel resolution aspect ratio (1.7777777777777777). Setting 'verticalAperture' to 1.1787187457084656 to ensure square pixels.
2026-01-24T20:32:46Z [11,778ms] [Warning] [omni.hydra] Mesh '/World/Drone/Sketchfab_model/zq127_binglong_mode_fbx/Object_2/RootNode/zq127_binglong_mode/Object_5/Object_8/zq127_binglong_zq127_binglong_1_0' update topology/point without updating normal, fallback to smooth normal.
2026-01-24T20:32:46Z [11,782ms] [Error] [asyncio] Exception in callback <TaskStepMethWrapper object at 0x791318fb4f70>()
handle: <Handle <TaskStepMethWrapper object at 0x791318fb4f70>()>
Traceback (most recent call last):
  File "/home/sandro/isaacsim/kit/python/lib/python3.11/asyncio/events.py", line 84, in _run
    self._context.run(self._callback, *self._args)
RuntimeError: Cannot enter into task <Task pending name='Task-95' coro=<StageModel.__delayed_prim_changed() running at /home/sandro/isaacsim/extscache/omni.kit.widget.stage-3.1.4+8131b85d/omni/kit/widget/stage/utils.py:17>> while another task <Task pending name='Task-58' coro=<main.<locals>.run_headless_workflow() running at /home/sandro/aeroSplat-4D/isaacsim/headless_runner.py:320>> is being executed.
2026-01-24T20:32:46Z [11,783ms] [Error] [asyncio] Exception in callback <TaskStepMethWrapper object at 0x791318fb6350>()
handle: <Handle <TaskStepMethWrapper object at 0x791318fb6350>()>
Traceback (most recent call last):
  File "/home/sandro/isaacsim/kit/python/lib/python3.11/asyncio/events.py", line 84, in _run
    self._context.run(self._callback, *self._args)
RuntimeError: Cannot enter into task <Task pending name='Task-96' coro=<ViewportWidget.__setup_notifications.<locals>.scene_changed() running at /home/sandro/isaacsim/extscache/omni.kit.widget.viewport-107.1.3+8131b85d/omni/kit/widget/viewport/widget.py:264>> while another task <Task pending name='Task-58' coro=<main.<locals>.run_headless_workflow() running at /home/sandro/aeroSplat-4D/isaacsim/headless_runner.py:320>> is being executed.
2026-01-24T20:32:46Z [11,783ms] [Error] [asyncio] Exception in callback <TaskStepMethWrapper object at 0x791318fb6200>()
handle: <Handle <TaskStepMethWrapper object at 0x791318fb6200>()>
Traceback (most recent call last):
  File "/home/sandro/isaacsim/kit/python/lib/python3.11/asyncio/events.py", line 84, in _run
    self._context.run(self._callback, *self._args)
RuntimeError: Cannot enter into task <Task pending name='Task-97' coro=<PrimCaching._update_usd_cache_state() running at /home/sandro/isaacsim/extscache/omni.usd-1.13.10+8131b85d.lx64.r.cp311/omni/usd/_impl/utils.py:1013>> while another task <Task pending name='Task-58' coro=<main.<locals>.run_headless_workflow() running at /home/sandro/aeroSplat-4D/isaacsim/headless_runner.py:320>> is being executed.
2026-01-24T20:32:46Z [11,783ms] [Error] [asyncio] Exception in callback <TaskStepMethWrapper object at 0x791318fb6230>()
handle: <Handle <TaskStepMethWrapper object at 0x791318fb6230>()>
Traceback (most recent call last):
  File "/home/sandro/isaacsim/kit/python/lib/python3.11/asyncio/events.py", line 84, in _run
    self._context.run(self._callback, *self._args)
RuntimeError: Cannot enter into task <Task pending name='Task-98' coro=<ScriptManager._pending_sync_task_handler() running at /home/sandro/isaacsim/extscache/omni.kit.scripting-107.3.1+107.3.1/omni/kit/scripting/scripts/script_manager.py:268>> while another task <Task pending name='Task-58' coro=<main.<locals>.run_headless_workflow() running at /home/sandro/aeroSplat-4D/isaacsim/headless_runner.py:320>> is being executed.
2026-01-24T20:32:46Z [11,783ms] [Error] [asyncio] Exception in callback <TaskStepMethWrapper object at 0x791318fb7010>()
handle: <Handle <TaskStepMethWrapper object at 0x791318fb7010>()>
Traceback (most recent call last):
  File "/home/sandro/isaacsim/kit/python/lib/python3.11/asyncio/events.py", line 84, in _run
    self._context.run(self._callback, *self._args)
RuntimeError: Cannot enter into task <Task pending name='Task-99' coro=<EventDispatcher.__async_pump() running at /home/sandro/isaacsim/extscache/omni.usd-1.13.10+8131b85d.lx64.r.cp311/omni/usd/_impl/watcher.py:66>> while another task <Task pending name='Task-58' coro=<main.<locals>.run_headless_workflow() running at /home/sandro/aeroSplat-4D/isaacsim/headless_runner.py:320>> is being executed.
2026-01-24T20:32:47Z [12,261ms] [Warning] [isaacsim.sensors.camera.camera] 'verticalAperture' (1.1787187576293945) and 'horizontalAperture' (0.007680000364780426) are inconsistent with the pixel resolution aspect ratio (1.7777777777777777). Setting 'verticalAperture' to 0.00432000020518899 to ensure square pixels.
2026-01-24T20:32:47Z [12,263ms] [Warning] [isaacsim.sensors.camera.camera] 'verticalAperture' (1.1787187576293945) and 'horizontalAperture' (0.007680000364780426) are inconsistent with the pixel resolution aspect ratio (1.7777777777777777). Setting 'verticalAperture' to 0.00432000020518899 to ensure square pixels.
2026-01-24T20:32:47Z [12,264ms] [Warning] [isaacsim.sensors.camera.camera] 'verticalAperture' (1.1787187576293945) and 'horizontalAperture' (0.007680000364780426) are inconsistent with the pixel resolution aspect ratio (1.7777777777777777). Setting 'verticalAperture' to 0.00432000020518899 to ensure square pixels.
2026-01-24T20:32:47Z [12,266ms] [Warning] [isaacsim.sensors.camera.camera] 'verticalAperture' (1.1787187576293945) and 'horizontalAperture' (0.007680000364780426) are inconsistent with the pixel resolution aspect ratio (1.7777777777777777). Setting 'verticalAperture' to 0.00432000020518899 to ensure square pixels.
2026-01-24T20:32:47Z [12,267ms] [Warning] [isaacsim.sensors.camera.camera] 'verticalAperture' (1.1787187576293945) and 'horizontalAperture' (0.007680000364780426) are inconsistent with the pixel resolution aspect ratio (1.7777777777777777). Setting 'verticalAperture' to 0.00432000020518899 to ensure square pixels.
2026-01-24T20:32:47Z [12,538ms] [Warning] [omni.syntheticdata.plugin] OgnSdPostRenderVarToHost : rendervar copy from texture directly to host buffer is counter-performant. Please use copy from texture to device buffer first.
2026-01-24T20:32:48Z [12,917ms] [Warning] [omni.physx.tensors.plugin] All physics information was deleted while being used by a tensor view class. The physics.tensors simulationView was invalidated.
2026-01-24T20:32:48Z [12,917ms] [Warning] [omni.physx.tensors.plugin] All physics information was deleted while being used by a tensor view class. The physics.tensors simulationView was invalidated.
2026-01-24T20:32:48Z [12,917ms] [Warning] [omni.physx.tensors.plugin] All physics information was deleted while being used by a tensor view class. The physics.tensors simulationView was invalidated.
2026-01-24T20:32:48Z [12,917ms] [Warning] [omni.physx.tensors.plugin] All physics information was deleted while being used by a tensor view class. The physics.tensors simulationView was invalidated.
2026-01-24T20:32:49Z [13,880ms] [Warning] [carb] Client gpu.foundation.plugin has acquired [gpu::unstable::IMemoryBudgetManagerFactory v0.1] 100 times. Consider accessing this interface with carb::getCachedInterface() (Performance warning)
2026-01-24T20:32:49Z [14,834ms] [Warning] [isaacsim.sensors.camera.camera] 'verticalAperture' (0.004320000112056732) and 'horizontalAperture' (0.007680000364780426) are inconsistent with the pixel resolution aspect ratio (1.0). Setting 'verticalAperture' to 0.007680000364780426 to ensure square pixels.
2026-01-24T20:32:50Z [15,035ms] [Warning] [isaacsim.sensors.camera.camera] 'verticalAperture' (0.004320000112056732) and 'horizontalAperture' (0.007680000364780426) are inconsistent with the pixel resolution aspect ratio (1.0). Setting 'verticalAperture' to 0.007680000364780426 to ensure square pixels.
2026-01-24T20:32:50Z [15,260ms] [Warning] [isaacsim.sensors.camera.camera] 'verticalAperture' (0.004320000112056732) and 'horizontalAperture' (0.007680000364780426) are inconsistent with the pixel resolution aspect ratio (1.0). Setting 'verticalAperture' to 0.007680000364780426 to ensure square pixels.
2026-01-24T20:32:50Z [15,512ms] [Warning] [isaacsim.sensors.camera.camera] 'verticalAperture' (0.004320000112056732) and 'horizontalAperture' (0.007680000364780426) are inconsistent with the pixel resolution aspect ratio (1.0). Setting 'verticalAperture' to 0.007680000364780426 to ensure square pixels.
2026-01-24T20:32:50Z [15,794ms] [Warning] [isaacsim.sensors.camera.camera] 'verticalAperture' (0.004320000112056732) and 'horizontalAperture' (0.007680000364780426) are inconsistent with the pixel resolution aspect ratio (1.0). Setting 'verticalAperture' to 0.007680000364780426 to ensure square pixels.

[STEP 1/5] Loading scene...
[LOAD] Starting scene loading
[LOAD] Scene path: https://omniverse-content-production.s3-us-west-2.amazonaws.com/Assets/Isaac/4.2/Isaac/Environments/Simple_Warehouse/warehouse.usd
[LOAD] Prim path: /World/CityScene
[LOAD] Loading scene from: https://omniverse-content-production.s3-us-west-2.amazonaws.com/Assets/Isaac/4.2/Isaac/Environments/Simple_Warehouse/warehouse.usd
[LOAD] Set stage and timeline FPS to 30.0
[LOAD] No lighting configuration provided, skipping lighting setup
[LOAD] Scene loaded successfully!
[LOAD] Scene loaded at prim path: /World/CityScene
[STEP 1/5] Waiting for scene to fully load...
[STEP 1/5]  Scene loaded successfully

[STEP 2/5] Loading drone...
[LOAD_OBJECT] Loading asset from: /home/sandro/aeroSplat-4D/assets/birds/snow-dragon/snow-dragon.usdc
[LOAD_OBJECT] Target prim path: /World/Drone
[LOAD_OBJECT] Detected asset type: bird
[LOAD_OBJECT] Applied translation: [0.0, 0.0, 0.0]
[LOAD_OBJECT] Applied orientation: [0.0, 0.0, 0.0]
[LOAD_OBJECT] Applied scale: [1.0, 1.0, 1.0]
[LOAD_OBJECT]  Asset loaded at: /World/Drone
[LOAD_OBJECT]  Labeled /World/Drone as 'bird'
[LOAD_OBJECT]  Applied semantics to 1 prims under /World/Drone
[LOAD_OBJECT]  Applied semantic labels at /World/Drone
[STEP 2/5] Waiting for drone to fully load...
[STEP 2/5]  Semantic labels confirmed for drone at /World/Drone

[LOAD_OBJECT] Instance Segmentation Class Mapping for bird:
------------------------------------------------------------
Prim: /World/Drone, Class: none, Instance ID: N/A
Prim: /World/Drone/Sketchfab_model, Class: none, Instance ID: N/A
Prim: /World/Drone/Sketchfab_model/zq127_binglong_mode_fbx, Class: none, Instance ID: N/A
Prim: /World/Drone/Sketchfab_model/zq127_binglong_mode_fbx/Object_2, Class: none, Instance ID: N/A
Prim: /World/Drone/Sketchfab_model/zq127_binglong_mode_fbx/Object_2/RootNode, Class: none, Instance ID: N/A
Prim: /World/Drone/Sketchfab_model/zq127_binglong_mode_fbx/Object_2/RootNode/zq127_binglong_mode, Class: none, Instance ID: N/A
Prim: /World/Drone/Sketchfab_model/zq127_binglong_mode_fbx/Object_2/RootNode/zq127_binglong_mode/Object_5, Class: none, Instance ID: N/A
Prim: /World/Drone/Sketchfab_model/zq127_binglong_mode_fbx/Object_2/RootNode/zq127_binglong_mode/Object_5/Armature, Class: none, Instance ID: N/A
Prim: /World/Drone/Sketchfab_model/zq127_binglong_mode_fbx/Object_2/RootNode/zq127_binglong_mode/Object_5/Object_8, Class: none, Instance ID: N/A
Prim: /World/Drone/Sketchfab_model/zq127_binglong_mode_fbx/Object_2/RootNode/zq127_binglong_mode/Object_5/Object_8/zq127_binglong_zq127_binglong_1_0, Class: none, Instance ID: N/A
Prim: /World/Drone/Sketchfab_model/zq127_binglong_mode_fbx/Object_2/RootNode/zq127_binglong_mode/Object_5/Object_7, Class: none, Instance ID: N/A
Prim: /World/Drone/Sketchfab_model/zq127_binglong_mode_fbx/Object_2/RootNode/zq127_binglong_mode/Object_5/zq127_binglong, Class: none, Instance ID: N/A
Prim: /World/Drone/_materials, Class: none, Instance ID: N/A
------------------------------------------------------------
[STEP 2/5]  Drone loaded successfully

[STEP 3/5] Positioning cameras...
[CAMS] Starting camera setup...
[CAMS] Detecting scene parameters...
[CAMS] Loaded 'ip_cam_2k' intrinsics from cam_intrinsics.yaml
[CAMS]   Description: Ugreen matrix adapted camera 2K (~4 MP) intrinsics as placeholder (mild distortion)
[CAMS] Using stage units: 1.0 meters per unit
[CAMS] Using Z-up coordinate system
[CAMS] cam_01: pos=[10.  0.  7.], distance_to_aim=14.14
[CAMS] cam_02: pos=[3.09016994 9.51056516 7.        ], distance_to_aim=14.14
[CAMS] cam_03: pos=[-8.09016994  5.87785252  7.        ], distance_to_aim=14.14
[CAMS] cam_04: pos=[-8.09016994 -5.87785252  7.        ], distance_to_aim=14.14
[CAMS] cam_05: pos=[ 3.09016994 -9.51056516  7.        ], distance_to_aim=14.14
[CAMS] camera initialized at position: [10.  0.  7.]
[CAMS] camera initialized at position: [3.09017  9.510565 7.      ]
[CAMS] camera initialized at position: [-8.09017    5.8778524  7.       ]
[CAMS] camera initialized at position: [-8.09017   -5.8778524  7.       ]
[CAMS] camera initialized at position: [ 3.09017  -9.510565  7.      ]
[CAMS] Created 5 cameras
[STEP 3/5] Waiting for cameras to be ready...
[STEP 3/5]  Positioned 5 cameras

[STEP 4/5] Animating object...
[ANIMATE] Animation speed factor: 1.0
[ANIMATE] Starting animation setup...
[ANIMATE] Set stage and timeline FPS to 30.0
[ANIMATE] Detected asset type: bird
[ANIMATE] Setting up bird animation...
[ANIMATE] Found SkelAnimation: /World/DroneMover/Drone/Sketchfab_model/zq127_binglong_mode_fbx/Object_2/RootNode/zq127_binglong_mode/Object_5/Armature/stand
[ANIMATE]   - translations: 30 keyframes, range [1.2 - 37.5]
[ANIMATE]   - rotations: 30 keyframes, range [1.2 - 37.5]
[ANIMATE] Detected skeletal animation range: 1.25 - 37.5 frames
[ANIMATE] Timeline configured for flight path:
[ANIMATE]   - Range: 1.0 - 120.0 frames
[ANIMATE]   - Duration: 3.97s
[ANIMATE]   - Looping: Disabled (flight path is linear)
[ANIMATE] Setting up skeletal animation loop:
[ANIMATE]   - Original cycle: 36.25 frames
[ANIMATE]   - Scaled cycle: 36.25 frames (speed: x1.0)
[ANIMATE]   - Flight duration: 119.0 frames
[ANIMATE]   - Loops needed: 4
[ANIMATE]   Extended keyframes for /World/DroneMover/Drone/Sketchfab_model/zq127_binglong_mode_fbx/Object_2/RootNode/zq127_binglong_mode/Object_5/Armature/stand
[FLIGHT_PATH] Set keyframes: start=1.0, mid=60.0, end=120.0
[FLIGHT_PATH] Path: (-4.0, 0.0, 27.0) -> (0.0, 0.0, 27.0) -> (4.0, 0.0, 27.0)
[ANIMATE] Bird flight path animation applied
[ANIMATE] Animation setup complete
[STEP 4/5] Waiting for animation setup to complete...
[STEP 4/5]  Animation setup complete (asset type: bird)

[STEP 4.5/5] Final stabilization - ensuring all assets are fully loaded...
[STEP 4.5/5]  All assets loaded and scene stabilized

[STEP 5/5] Starting rendering...
[STEP 5/5] Output directory: /home/sandro/aeroSplat-4D/renders/5cams_24-01-26
[STEP 5/5] Starting render of 120 frames from 5 cameras
[RENDER] *** ASYNC TASK STARTED *** (This confirms the task is executing)
[RENDER] Starting multi-camera render
[RENDER] Number of cameras: 5
[RENDER] Number of frames: 120
[RENDER] Output directory: /home/sandro/aeroSplat-4D/renders/5cams_24-01-26
[RENDER] Found flying object prim at: /World/DroneMover
[RENDER] Found mover prim at: /World/DroneMover
[RENDER] Stage FPS: 30.00 (t=0.0333s)
[RENDER] Warming up simulation for 0 update cycles...
[RENDER] Warmup complete. Scene stabilized at t=0
[RENDER] Setting up render product for cam_01 at /World/cam_01
[RENDER] cam_01 output: /home/sandro/aeroSplat-4D/renders/5cams_24-01-26/cam_01
[RENDER] cam_01 drone masks: /home/sandro/aeroSplat-4D/renders/5cams_24-01-26/cam_01/mask
[RENDER] Setting up render product for cam_02 at /World/cam_02
[RENDER] cam_02 output: /home/sandro/aeroSplat-4D/renders/5cams_24-01-26/cam_02
[RENDER] cam_02 drone masks: /home/sandro/aeroSplat-4D/renders/5cams_24-01-26/cam_02/mask
[RENDER] Setting up render product for cam_03 at /World/cam_03
[RENDER] cam_03 output: /home/sandro/aeroSplat-4D/renders/5cams_24-01-26/cam_03
[RENDER] cam_03 drone masks: /home/sandro/aeroSplat-4D/renders/5cams_24-01-26/cam_03/mask
[RENDER] Setting up render product for cam_04 at /World/cam_04
[RENDER] cam_04 output: /home/sandro/aeroSplat-4D/renders/5cams_24-01-26/cam_04
[RENDER] cam_04 drone masks: /home/sandro/aeroSplat-4D/renders/5cams_24-01-26/cam_04/mask
[RENDER] Setting up render product for cam_05 at /World/cam_05
[RENDER] cam_05 output: /home/sandro/aeroSplat-4D/renders/5cams_24-01-26/cam_05
[RENDER] cam_05 drone masks: /home/sandro/aeroSplat-4D/renders/5cams_24-01-26/cam_05/mask
[RENDER] Successfully set up 5 camera render products
[RENDER] Resetting writer frame counters to ensure proper synchronization...
[RENDER] Writers reset and re-attached, frame counters start at 0...
[RENDER] Starting frame capture (frames 0000-0119, total 120 frames)...
[RENDER] Captured frame 0/119
[RENDER]   Drone 3D bbox center: [-4.009500880036052, 0.007948432567792402, 27.17635150960138]
[RENDER] Captured frame 10/119
[RENDER]   Drone 3D bbox center: [-3.464604804946, 0.01088215591456737, 27.048446292185496]
[RENDER] Captured frame 20/119
[RENDER]   Drone 3D bbox center: [-2.8018444974281245, -0.001252035845659416, 27.054728856273346]
[HEADLESS] Simulation step 1000...
[RENDER] Captured frame 30/119
[RENDER]   Drone 3D bbox center: [-2.071200825084873, -0.0010990490607648562, 27.150007048761395]
[RENDER] Captured frame 40/119
[RENDER]   Drone 3D bbox center: [-1.3727702590232713, 0.01503362046619286, 27.163595718282803]
[RENDER] Captured frame 50/119
[RENDER]   Drone 3D bbox center: [-0.7697345513446354, 0.005272811718859405, 27.024478410745104]
[HEADLESS] Simulation step 2000...
[RENDER] Captured frame 60/119
[RENDER]   Drone 3D bbox center: [-0.07683138696081632, -0.005528645630449969, 27.089741159416832]
[RENDER] Captured frame 70/119
[RENDER]   Drone 3D bbox center: [0.647620037865479, 0.007138691714771189, 27.171892109557376]
[HEADLESS] Simulation step 3000...
[RENDER] Captured frame 80/119
[RENDER]   Drone 3D bbox center: [1.2954826991692008, 0.01024492889667239, 27.12933325728696]
[RENDER] Captured frame 90/119
[RENDER]   Drone 3D bbox center: [1.9123366407493871, 0.0016356000625759592, 27.052536550317946]
[RENDER] Captured frame 100/119
[RENDER]   Drone 3D bbox center: [2.610645381180337, -0.003997813954451257, 27.12162448585247]
[HEADLESS] Simulation step 4000...
